<?xml version="1.0" encoding="UTF-8"?>
<testng-results ignored="0" total="1" passed="1" failed="0" skipped="0">
  <reporter-output>
  </reporter-output>
  <suite started-at="2024-03-12T23:10:42 EDT" name="Default suite" finished-at="2024-03-12T23:10:45 EDT" duration-ms="2896">
    <groups>
    </groups>
    <test started-at="2024-03-12T23:10:42 EDT" name="Default test" finished-at="2024-03-12T23:10:45 EDT" duration-ms="2896">
      <class name="tests.GetandPostExamples">
        <test-method signature="testPost()[pri:0, instance:tests.GetandPostExamples@3ce1e309]" started-at="2024-03-12T23:10:42 EDT" name="testPost" finished-at="2024-03-12T23:10:45 EDT" duration-ms="2823" status="PASS">
          <reporter-output>
          </reporter-output>
        </test-method> <!-- testPost -->
      </class> <!-- tests.GetandPostExamples -->
    </test> <!-- Default test -->
  </suite> <!-- Default suite -->
</testng-results>
